<?xml version="1.0" encoding="UTF-8"?>
<!-- Generated by org.testng.reporters.JUnitReportReporter -->
<testsuite hostname="LAPTOP-5KMFOFH9" failures="0" tests="4" name="com.SwagLabs.TestCase.AddToCartPageTestCase" time="10.714" errors="0" timestamp="2023-08-29T11:37:57 IST" skipped="0">
  <testcase classname="com.SwagLabs.TestCase.AddToCartPageTestCase" name="VerifyAppOpenstate" time="2.078"/>
  <system-out/>
  <testcase classname="com.SwagLabs.TestCase.AddToCartPageTestCase" name="verifyRemove" time="2.082"/>
  <system-out/>
  <testcase classname="com.SwagLabs.TestCase.AddToCartPageTestCase" name="verifyContinue" time="6.443"/>
  <system-out/>
  <testcase classname="com.SwagLabs.TestCase.AddToCartPageTestCase" name="verifyCheckOut" time="0.111"/>
  <system-out/>
</testsuite> <!-- com.SwagLabs.TestCase.AddToCartPageTestCase -->
