<?xml version="1.0" encoding="UTF-8"?>
<!-- Generated by org.testng.reporters.JUnitReportReporter -->
<testsuite hostname="LAPTOP-5KMFOFH9" failures="0" tests="3" name="com.SwagLabs.TestCase.LoginPageTestCase" time="0.488" errors="0" timestamp="2023-08-28T11:59:42 IST" skipped="0">
  <testcase classname="com.SwagLabs.TestCase.LoginPageTestCase" name="verifyTitle" time="0.024"/>
  <system-out/>
  <testcase classname="com.SwagLabs.TestCase.LoginPageTestCase" name="verifylogin" time="0.447"/>
  <system-out/>
  <testcase classname="com.SwagLabs.TestCase.LoginPageTestCase" name="verifyCurrentUrl" time="0.017"/>
  <system-out/>
</testsuite> <!-- com.SwagLabs.TestCase.LoginPageTestCase -->
