<?xml version="1.0" encoding="UTF-8"?>
<!-- Generated by org.testng.reporters.JUnitReportReporter -->
<testsuite hostname="LAPTOP-5KMFOFH9" failures="0" tests="3" name="com.SwagLabs.TestCase.InventoryPageTestCase" time="0.375" errors="0" timestamp="2023-08-29T11:17:42 IST" skipped="0">
  <testcase classname="com.SwagLabs.TestCase.InventoryPageTestCase" name="verifyTotalProductCount" time="0.036"/>
  <system-out/>
  <testcase classname="com.SwagLabs.TestCase.InventoryPageTestCase" name="verifyProductName" time="0.096"/>
  <system-out/>
  <testcase classname="com.SwagLabs.TestCase.InventoryPageTestCase" name="verifyAddToCart" time="0.243"/>
  <system-out/>
</testsuite> <!-- com.SwagLabs.TestCase.InventoryPageTestCase -->
