<?xml version="1.0" encoding="UTF-8"?>
<!-- Generated by org.testng.reporters.JUnitReportReporter -->
<testsuite hostname="LAPTOP-5KMFOFH9" failures="0" tests="2" name="com.SwagLabs.TestCase.OverviewPageTestCase" time="0.153" errors="0" timestamp="2023-09-11T11:12:24 IST" skipped="0">
  <testcase classname="com.SwagLabs.TestCase.OverviewPageTestCase" name="verifyProductDetails" time="0.035"/>
  <system-out/>
  <testcase classname="com.SwagLabs.TestCase.OverviewPageTestCase" name="verifyFinish" time="0.118"/>
  <system-out/>
</testsuite> <!-- com.SwagLabs.TestCase.OverviewPageTestCase -->
