<?xml version="1.0" encoding="UTF-8"?>
<!-- Generated by org.testng.reporters.JUnitReportReporter -->
<testsuite hostname="LAPTOP-5KMFOFH9" failures="0" tests="2" name="com.SwagLabs.TestCase.CheckOutPageTestCase" time="0.591" errors="0" timestamp="2023-08-29T11:52:28 IST" skipped="1">
  <testcase classname="com.SwagLabs.TestCase.CheckOutPageTestCase" name="verifyCheckout" time="0.591"/>
  <system-out/>
  <testcase classname="com.SwagLabs.TestCase.CheckOutPageTestCase" name="verifyCancel">
    <skipped/>
  </testcase> <!-- verifyCancel -->
  <system-out/>
</testsuite> <!-- com.SwagLabs.TestCase.CheckOutPageTestCase -->
